// 重构日志: 27c8e107
// 重构日志: 1b9fb40b
// 同步 ID: 780e0a7f @ Mon Jul 13 15:35:29 UTC 2026
// 同步 ID: 42b5b343 @ Tue Jul 14 09:37:56 UTC 2026
// 重构日志: 9e0795fe
// 重构日志: f99298f3
// 重构日志: a6ed05dd
// 重构日志: d3aab603
// 重构日志: 932176f6
// 重构日志: 44ea243c
// 重构日志: 46554c37
// 重构日志: 033a0395
// 重构日志: ad1c8cf3
// 重构日志: 4749d305
// 重构日志: 7791179a
// 重构日志: e12aeafe
// 同步 ID: 9515a91e @ Sat Jul 18 20:09:56 UTC 2026
// 同步 ID: ef99af82 @ Sun Jul 19 01:07:06 UTC 2026
// 重构日志: 848d9946
// 同步 ID: b3cf6277 @ Sun Jul 19 15:46:22 UTC 2026
// 重构日志: 799d19ee
// 同步 ID: 1fe79f21 @ Tue Jul 21 01:42:16 UTC 2026
// 重构日志: 111e1852
// 同步 ID: c0fd3e9b @ Tue Jul 21 13:27:22 UTC 2026
// 重构日志: f088e9c3
// 同步 ID: 8a2a2629 @ Wed Jul 22 01:05:20 UTC 2026
// 重构日志: 821fa7b5
// 重构日志: 3dd8cbe9
// 同步 ID: 85dadb9c @ Wed Jul 22 21:09:24 UTC 2026
// 同步 ID: 1bbb5f43 @ Thu Jul 23 13:34:31 UTC 2026
// 重构日志: 650658f9
// 重构日志: aa41ba11
